C:\Program Files\Microsoft Visual Studio\2022\Community\MSBuild\Microsoft\VC\v170\Microsoft.CppBuild.targets(531,5): warning MSB8028: El directorio intermedio (x64\Debug\) contiene archivos compartidos de otro proyecto (CarreraBarcosSFML-v1.vcxproj). Esto puede dar lugar a un comportamiento incorrecto de limpieza y recompilación.
  Enemigo.cpp
  EnemigoFinal.cpp
  JuegoEnemigos.cpp
C:\Users\yagog\Documents\juegoHerencias\CarreraBarcosSFML-v1\JuegoEnemigos.cpp(58,15): warning C4244: 'argumento': conversión de 'time_t' a 'unsigned int'; posible pérdida de datos
C:\Users\yagog\Documents\juegoHerencias\CarreraBarcosSFML-v1\JuegoEnemigos.cpp(99,46): warning C4244: 'argumento': conversión de 'int' a 'T'; posible pérdida de datos
C:\Users\yagog\Documents\juegoHerencias\CarreraBarcosSFML-v1\JuegoEnemigos.cpp(99,46): warning C4244:         with
C:\Users\yagog\Documents\juegoHerencias\CarreraBarcosSFML-v1\JuegoEnemigos.cpp(99,46): warning C4244:         [
C:\Users\yagog\Documents\juegoHerencias\CarreraBarcosSFML-v1\JuegoEnemigos.cpp(99,46): warning C4244:             T=float
C:\Users\yagog\Documents\juegoHerencias\CarreraBarcosSFML-v1\JuegoEnemigos.cpp(99,46): warning C4244:         ]
C:\Users\yagog\Documents\juegoHerencias\CarreraBarcosSFML-v1\JuegoEnemigos.cpp(99,39): warning C4244: 'argumento': conversión de 'int' a 'T'; posible pérdida de datos
C:\Users\yagog\Documents\juegoHerencias\CarreraBarcosSFML-v1\JuegoEnemigos.cpp(99,39): warning C4244:         with
C:\Users\yagog\Documents\juegoHerencias\CarreraBarcosSFML-v1\JuegoEnemigos.cpp(99,39): warning C4244:         [
C:\Users\yagog\Documents\juegoHerencias\CarreraBarcosSFML-v1\JuegoEnemigos.cpp(99,39): warning C4244:             T=float
C:\Users\yagog\Documents\juegoHerencias\CarreraBarcosSFML-v1\JuegoEnemigos.cpp(99,39): warning C4244:         ]
  Personaje.cpp
C:\Users\yagog\Documents\juegoHerencias\CarreraBarcosSFML-v1\Personaje.cpp(10,31): warning C4244: '=': conversión de 'double' a 'int'; posible pérdida de datos
C:\Users\yagog\Documents\juegoHerencias\CarreraBarcosSFML-v1\Personaje.cpp(11,31): warning C4244: '=': conversión de 'double' a 'int'; posible pérdida de datos
C:\Users\yagog\Documents\juegoHerencias\CarreraBarcosSFML-v1\Personaje.cpp(16,27): warning C4244: 'argumento': conversión de 'int' a 'float'; posible pérdida de datos
C:\Users\yagog\Documents\juegoHerencias\CarreraBarcosSFML-v1\Personaje.cpp(16,24): warning C4244: 'argumento': conversión de 'int' a 'float'; posible pérdida de datos
C:\Users\yagog\Documents\juegoHerencias\CarreraBarcosSFML-v1\Personaje.cpp(33,35): warning C4244: '=': conversión de 'double' a 'int'; posible pérdida de datos
C:\Users\yagog\Documents\juegoHerencias\CarreraBarcosSFML-v1\Personaje.cpp(34,35): warning C4244: '=': conversión de 'double' a 'int'; posible pérdida de datos
C:\Users\yagog\Documents\juegoHerencias\CarreraBarcosSFML-v1\Personaje.cpp(38,27): warning C4244: 'argumento': conversión de 'int' a 'float'; posible pérdida de datos
C:\Users\yagog\Documents\juegoHerencias\CarreraBarcosSFML-v1\Personaje.cpp(38,24): warning C4244: 'argumento': conversión de 'int' a 'float'; posible pérdida de datos
  Generando código...
  CarreraBarcosSFML-v1.vcxproj -> C:\Users\yagog\Documents\juegoHerencias\x64\Debug\JuegoEnemigosHerencia.exe
